0 info it worked if it ends with ok
1 verbose cli [ 'C:\\Program Files\\nodejs\\node.exe',
1 verbose cli   'C:\\Program Files\\nodejs\\node_modules\\npm\\bin\\npm-cli.js',
1 verbose cli   'start' ]
2 info using npm@3.10.10
3 info using node@v6.11.2
4 verbose stack Error: ENOENT: no such file or directory, open 'C:\Users\pfe\Documents\package.json'
4 verbose stack     at Error (native)
5 verbose cwd C:\Users\pfe\Documents\Github Reps\CA3
6 error Windows_NT 10.0.15063
7 error argv "C:\\Program Files\\nodejs\\node.exe" "C:\\Program Files\\nodejs\\node_modules\\npm\\bin\\npm-cli.js" "start"
8 error node v6.11.2
9 error npm  v3.10.10
10 error path C:\Users\pfe\Documents\package.json
11 error code ENOENT
12 error errno -4058
13 error syscall open
14 error enoent ENOENT: no such file or directory, open 'C:\Users\pfe\Documents\package.json'
15 error enoent ENOENT: no such file or directory, open 'C:\Users\pfe\Documents\package.json'
15 error enoent This is most likely not a problem with npm itself
15 error enoent and is related to npm not being able to find a file.
16 verbose exit [ -4058, true ]
3 info using node@v6.11.5
4 verbose config Skipping project config: C:\Users\trez__000/.npmrc. (matches userconfig)
5 verbose stack Error: ENOENT: no such file or directory, open 'C:\Users\trez__000\package.json'
5 verbose stack     at Error (native)
6 verbose cwd C:\Users\trez__000\Google Drive\CPH\Computer Science\3rdSemester\myReps\ca3\CA3
7 error Windows_NT 10.0.16299
8 error argv "C:\\Program Files\\nodejs\\node.exe" "C:\\Program Files\\nodejs\\node_modules\\npm\\bin\\npm-cli.js" "start"
9 error node v6.11.5
10 error npm  v3.10.10
11 error path C:\Users\trez__000\package.json
12 error code ENOENT
13 error errno -4058
14 error syscall open
15 error enoent ENOENT: no such file or directory, open 'C:\Users\trez__000\package.json'
16 error enoent ENOENT: no such file or directory, open 'C:\Users\trez__000\package.json'
16 error enoent This is most likely not a problem with npm itself
16 error enoent and is related to npm not being able to find a file.
17 verbose exit [ -4058, true ]
